<?xml version="1.0" encoding="UTF-8" standalone="no"?><Flights><Flight Airplane="A340" FlightTime="565" Number="0824"><Departure><Code>ANC</Code><Time>2015 May 16 16:07 GMT</Time></Departure><Arrival><Code>BOS</Code><Time>2015 May 17 01:32 GMT</Time></Arrival><Seating><FirstClass Price="$1,338.13">7</FirstClass><Coach Price="$159.78">65</Coach></Seating></Flight><Flight Airplane="A320" FlightTime="1100" Number="1267"><Departure><Code>AUS</Code><Time>2015 May 16 19:00 GMT</Time></Departure><Arrival><Code>BOS</Code><Time>2015 May 17 13:20 GMT</Time></Arrival><Seating><FirstClass Price="$6,944.39">3</FirstClass><Coach Price="$672.04">88</Coach></Seating></Flight><Flight Airplane="767" FlightTime="1134" Number="1270"><Departure><Code>AUS</Code><Time>2015 May 16 20:30 GMT</Time></Departure><Arrival><Code>BOS</Code><Time>2015 May 17 15:24 GMT</Time></Arrival><Seating><FirstClass Price="$825.93">13</FirstClass><Coach Price="$429.48">188</Coach></Seating></Flight><Flight Airplane="757" FlightTime="297" Number="4953"><Departure><Code>DFW</Code><Time>2015 May 16 23:55 GMT</Time></Departure><Arrival><Code>BOS</Code><Time>2015 May 17 04:52 GMT</Time></Arrival><Seating><FirstClass Price="$702.91">19</FirstClass><Coach Price="$132.31">47</Coach></Seating></Flight><Flight Airplane="A380" FlightTime="225" Number="6171"><Departure><Code>FLL</Code><Time>2015 May 16 20:25 GMT</Time></Departure><Arrival><Code>BOS</Code><Time>2015 May 17 00:10 GMT</Time></Arrival><Seating><FirstClass Price="$132.91">44</FirstClass><Coach Price="$39.84">79</Coach></Seating></Flight><Flight Airplane="A320" FlightTime="1226" Number="6974"><Departure><Code>BDL</Code><Time>2015 May 16 15:49 GMT</Time></Departure><Arrival><Code>BOS</Code><Time>2015 May 17 12:15 GMT</Time></Arrival><Seating><FirstClass Price="$7,735.91">0</FirstClass><Coach Price="$748.64">63</Coach></Seating></Flight><Flight Airplane="767" FlightTime="1175" Number="6984"><Departure><Code>BDL</Code><Time>2015 May 16 20:47 GMT</Time></Departure><Arrival><Code>BOS</Code><Time>2015 May 17 16:22 GMT</Time></Arrival><Seating><FirstClass Price="$855.88">25</FirstClass><Coach Price="$445.06">179</Coach></Seating></Flight><Flight Airplane="737" FlightTime="981" Number="7366"><Departure><Code>HNL</Code><Time>2015 May 16 08:08 GMT</Time></Departure><Arrival><Code>BOS</Code><Time>2015 May 17 00:29 GMT</Time></Arrival><Seating><FirstClass Price="$2,654.44">27</FirstClass><Coach Price="$743.24">85</Coach></Seating></Flight><Flight Airplane="767" FlightTime="263" Number="7798"><Departure><Code>IAH</Code><Time>2015 May 16 21:23 GMT</Time></Departure><Arrival><Code>BOS</Code><Time>2015 May 17 01:46 GMT</Time></Arrival><Seating><FirstClass Price="$191.49">89</FirstClass><Coach Price="$99.57">118</Coach></Seating></Flight><Flight Airplane="767" FlightTime="1117" Number="9390"><Departure><Code>LAS</Code><Time>2015 May 16 16:04 GMT</Time></Departure><Arrival><Code>BOS</Code><Time>2015 May 17 10:41 GMT</Time></Arrival><Seating><FirstClass Price="$813.80">99</FirstClass><Coach Price="$423.17">22</Coach></Seating></Flight><Flight Airplane="717" FlightTime="381" Number="13881"><Departure><Code>ONT</Code><Time>2015 May 16 23:56 GMT</Time></Departure><Arrival><Code>BOS</Code><Time>2015 May 17 06:17 GMT</Time></Arrival><Seating><FirstClass Price="$1,202.92">14</FirstClass><Coach Price="$352.08">61</Coach></Seating></Flight><Flight Airplane="A320" FlightTime="349" Number="15892"><Departure><Code>PDX</Code><Time>2015 May 16 21:00 GMT</Time></Departure><Arrival><Code>BOS</Code><Time>2015 May 17 02:49 GMT</Time></Arrival><Seating><FirstClass Price="$2,202.75">7</FirstClass><Coach Price="$213.17">108</Coach></Seating></Flight><Flight Airplane="A340" FlightTime="217" Number="17510"><Departure><Code>SAT</Code><Time>2015 May 16 23:21 GMT</Time></Departure><Arrival><Code>BOS</Code><Time>2015 May 17 02:58 GMT</Time></Arrival><Seating><FirstClass Price="$513.86">17</FirstClass><Coach Price="$61.36">60</Coach></Seating></Flight><Flight Airplane="757" FlightTime="373" Number="18703"><Departure><Code>SJC</Code><Time>2015 May 16 22:03 GMT</Time></Departure><Arrival><Code>BOS</Code><Time>2015 May 17 04:16 GMT</Time></Arrival><Seating><FirstClass Price="$883.78">11</FirstClass><Coach Price="$166.36">94</Coach></Seating></Flight><Flight Airplane="A320" FlightTime="359" Number="18706"><Departure><Code>SJC</Code><Time>2015 May 16 22:50 GMT</Time></Departure><Arrival><Code>BOS</Code><Time>2015 May 17 04:49 GMT</Time></Arrival><Seating><FirstClass Price="$2,267.33">11</FirstClass><Coach Price="$219.42">45</Coach></Seating></Flight><Flight Airplane="757" FlightTime="306" Number="19539"><Departure><Code>SEA</Code><Time>2015 May 16 21:20 GMT</Time></Departure><Arrival><Code>BOS</Code><Time>2015 May 17 02:26 GMT</Time></Arrival><Seating><FirstClass Price="$724.39">25</FirstClass><Coach Price="$136.35">28</Coach></Seating></Flight></Flights>