<?xml version="1.0" encoding="UTF-8" standalone="no"?>
<Flights>
	<Flight Airplane="767" FlightTime="140" Number="0107">
		<Departure>
			<Code>ATL</Code>
			<Time>2015 May 10 07:12 GMT</Time>
		</Departure>
		<Arrival>
			<Code>BOS</Code>
			<Time>2015 May 10 09:32 GMT</Time>
		</Arrival>
		<Seating>
			<FirstClass Price="$101.97">102</FirstClass>
			<Coach Price="$53.02">200</Coach>
		</Seating>
	</Flight>
	<Flight Airplane="A320" FlightTime="435" Number="0526">
		<Departure>
			<Code>ANC</Code>
			<Time>2015 May 10 05:29 GMT</Time>
		</Departure>
		<Arrival>
			<Code>BOS</Code>
			<Time>2015 May 10 12:44 GMT</Time>
		</Arrival>
		<Seating>
			<FirstClass Price="$2,747.24">10</FirstClass>
			<Coach Price="$265.86">46</Coach>
		</Seating>
	</Flight>
	<Flight Airplane="747" FlightTime="1336" Number="0906">
		<Departure>
			<Code>AUS</Code>
			<Time>2015 May 09 07:39 GMT</Time>
		</Departure>
		<Arrival>
			<Code>BOS</Code>
			<Time>2015 May 10 05:55 GMT</Time>
		</Arrival>
		<Seating>
			<FirstClass Price="$816.19">109</FirstClass>
			<Coach Price="$253.02">381</Coach>
		</Seating>
	</Flight>
	<Flight Airplane="737" FlightTime="945" Number="0922">
		<Departure>
			<Code>AUS</Code>
			<Time>2015 May 09 15:05 GMT</Time>
		</Departure>
		<Arrival>
			<Code>BOS</Code>
			<Time>2015 May 10 06:50 GMT</Time>
		</Arrival>
		<Seating>
			<FirstClass Price="$2,556.45">7</FirstClass>
			<Coach Price="$715.81">70</Coach>
		</Seating>
	</Flight>
	<Flight Airplane="767" FlightTime="51" Number="1407">
		<Departure>
			<Code>BWI</Code>
			<Time>2015 May 10 19:17 GMT</Time>
		</Departure>
		<Arrival>
			<Code>BOS</Code>
			<Time>2015 May 10 20:08 GMT</Time>
		</Arrival>
		<Seating>
			<FirstClass Price="$36.98">42</FirstClass>
			<Coach Price="$19.23">107</Coach>
		</Seating>
	</Flight>
	<Flight Airplane="767" FlightTime="100" Number="2211">
		<Departure>
			<Code>CLT</Code>
			<Time>2015 May 10 07:27 GMT</Time>
		</Departure>
		<Arrival>
			<Code>BOS</Code>
			<Time>2015 May 10 09:07 GMT</Time>
		</Arrival>
		<Seating>
			<FirstClass Price="$72.53">28</FirstClass>
			<Coach Price="$37.72">199</Coach>
		</Seating>
	</Flight>
	<Flight Airplane="A340" FlightTime="114" Number="2614">
		<Departure>
			<Code>MDW</Code>
			<Time>2015 May 10 07:58 GMT</Time>
		</Departure>
		<Arrival>
			<Code>BOS</Code>
			<Time>2015 May 10 09:52 GMT</Time>
		</Arrival>
		<Seating>
			<FirstClass Price="$269.60">9</FirstClass>
			<Coach Price="$32.19">117</Coach>
		</Seating>
	</Flight>
	<Flight Airplane="757" FlightTime="115" Number="3010">
		<Departure>
			<Code>ORD</Code>
			<Time>2015 May 10 11:30 GMT</Time>
		</Departure>
		<Arrival>
			<Code>BOS</Code>
			<Time>2015 May 10 13:25 GMT</Time>
		</Arrival>
		<Seating>
			<FirstClass Price="$271.48">8</FirstClass>
			<Coach Price="$51.10">128</Coach>
		</Seating>
	</Flight>
	<Flight Airplane="767" FlightTime="141" Number="3025">
		<Departure>
			<Code>ORD</Code>
			<Time>2015 May 10 20:18 GMT</Time>
		</Departure>
		<Arrival>
			<Code>BOS</Code>
			<Time>2015 May 10 22:39 GMT</Time>
		</Arrival>
		<Seating>
			<FirstClass Price="$102.88">46</FirstClass>
			<Coach Price="$53.50">93</Coach>
		</Seating>
	</Flight>
	<Flight Airplane="767" FlightTime="104" Number="3395">
		<Departure>
			<Code>CVG</Code>
			<Time>2015 May 10 03:45 GMT</Time>
		</Departure>
		<Arrival>
			<Code>BOS</Code>
			<Time>2015 May 10 05:29 GMT</Time>
		</Arrival>
		<Seating>
			<FirstClass Price="$75.87">102</FirstClass>
			<Coach Price="$39.45">183</Coach>
		</Seating>
	</Flight>
	<Flight Airplane="737" FlightTime="89" Number="4233">
		<Departure>
			<Code>CMH</Code>
			<Time>2015 May 10 08:21 GMT</Time>
		</Departure>
		<Arrival>
			<Code>BOS</Code>
			<Time>2015 May 10 09:50 GMT</Time>
		</Arrival>
		<Seating>
			<FirstClass Price="$241.95">24</FirstClass>
			<Coach Price="$67.75">48</Coach>
		</Seating>
	</Flight>
	<Flight Airplane="777" FlightTime="83" Number="4241">
		<Departure>
			<Code>CMH</Code>
			<Time>2015 May 10 13:52 GMT</Time>
		</Departure>
		<Arrival>
			<Code>BOS</Code>
			<Time>2015 May 10 15:15 GMT</Time>
		</Arrival>
		<Seating>
			<FirstClass Price="$79.79">49</FirstClass>
			<Coach Price="$15.76">115</Coach>
		</Seating>
	</Flight>
	<Flight Airplane="717" FlightTime="304" Number="4623">
		<Departure>
			<Code>DFW</Code>
			<Time>2015 May 09 20:49 GMT</Time>
		</Departure>
		<Arrival>
			<Code>BOS</Code>
			<Time>2015 May 10 01:53 GMT</Time>
		</Arrival>
		<Seating>
			<FirstClass Price="$958.52">15</FirstClass>
			<Coach Price="$280.54">33</Coach>
		</Seating>
	</Flight>
	<Flight Airplane="A320" FlightTime="80" Number="5457">
		<Departure>
			<Code>DTW</Code>
			<Time>2015 May 10 04:16 GMT</Time>
		</Departure>
		<Arrival>
			<Code>BOS</Code>
			<Time>2015 May 10 05:36 GMT</Time>
		</Arrival>
		<Seating>
			<FirstClass Price="$502.06">12</FirstClass>
			<Coach Price="$48.59">108</Coach>
		</Seating>
	</Flight>
	<Flight Airplane="A380" FlightTime="90" Number="5467">
		<Departure>
			<Code>DTW</Code>
			<Time>2015 May 10 08:31 GMT</Time>
		</Departure>
		<Arrival>
			<Code>BOS</Code>
			<Time>2015 May 10 10:01 GMT</Time>
		</Arrival>
		<Seating>
			<FirstClass Price="$53.47">79</FirstClass>
			<Coach Price="$16.03">177</Coach>
		</Seating>
	</Flight>
	<Flight Airplane="A340" FlightTime="79" Number="5471">
		<Departure>
			<Code>DTW</Code>
			<Time>2015 May 10 11:13 GMT</Time>
		</Departure>
		<Arrival>
			<Code>BOS</Code>
			<Time>2015 May 10 12:32 GMT</Time>
		</Arrival>
		<Seating>
			<FirstClass Price="$187.48">12</FirstClass>
			<Coach Price="$22.39">139</Coach>
		</Seating>
	</Flight>
	<Flight Airplane="767" FlightTime="168" Number="5853">
		<Departure>
			<Code>FLL</Code>
			<Time>2015 May 10 00:08 GMT</Time>
		</Departure>
		<Arrival>
			<Code>BOS</Code>
			<Time>2015 May 10 02:56 GMT</Time>
		</Arrival>
		<Seating>
			<FirstClass Price="$122.50">69</FirstClass>
			<Coach Price="$63.70">176</Coach>
		</Seating>
	</Flight>
	<Flight Airplane="A320" FlightTime="172" Number="6299">
		<Departure>
			<Code>RSW</Code>
			<Time>2015 May 10 15:26 GMT</Time>
		</Departure>
		<Arrival>
			<Code>BOS</Code>
			<Time>2015 May 10 18:18 GMT</Time>
		</Arrival>
		<Seating>
			<FirstClass Price="$1,086.69">2</FirstClass>
			<Coach Price="$105.16">105</Coach>
		</Seating>
	</Flight>
	<Flight Airplane="A340" FlightTime="848" Number="6673">
		<Departure>
			<Code>BDL</Code>
			<Time>2015 May 09 21:45 GMT</Time>
		</Departure>
		<Arrival>
			<Code>BOS</Code>
			<Time>2015 May 10 11:53 GMT</Time>
		</Arrival>
		<Seating>
			<FirstClass Price="$2,006.83">26</FirstClass>
			<Coach Price="$239.62">26</Coach>
		</Seating>
	</Flight>
	<Flight Airplane="A310" FlightTime="222" Number="7888">
		<Departure>
			<Code>HOU</Code>
			<Time>2015 May 09 21:13 GMT</Time>
		</Departure>
		<Arrival>
			<Code>BOS</Code>
			<Time>2015 May 10 00:55 GMT</Time>
		</Arrival>
		<Seating>
			<FirstClass Price="$701.18">24</FirstClass>
			<Coach Price="$84.14">38</Coach>
		</Seating>
	</Flight>
	<Flight Airplane="717" FlightTime="239" Number="7898">
		<Departure>
			<Code>HOU</Code>
			<Time>2015 May 10 03:03 GMT</Time>
		</Departure>
		<Arrival>
			<Code>BOS</Code>
			<Time>2015 May 10 07:02 GMT</Time>
		</Arrival>
		<Seating>
			<FirstClass Price="$755.12">2</FirstClass>
			<Coach Price="$221.01">40</Coach>
		</Seating>
	</Flight>
	<Flight Airplane="717" FlightTime="212" Number="7901">
		<Departure>
			<Code>HOU</Code>
			<Time>2015 May 10 05:03 GMT</Time>
		</Departure>
		<Arrival>
			<Code>BOS</Code>
			<Time>2015 May 10 08:35 GMT</Time>
		</Arrival>
		<Seating>
			<FirstClass Price="$670.29">15</FirstClass>
			<Coach Price="$196.18">76</Coach>
		</Seating>
	</Flight>
	<Flight Airplane="747" FlightTime="226" Number="7912">
		<Departure>
			<Code>HOU</Code>
			<Time>2015 May 10 11:28 GMT</Time>
		</Departure>
		<Arrival>
			<Code>BOS</Code>
			<Time>2015 May 10 15:14 GMT</Time>
		</Arrival>
		<Seating>
			<FirstClass Price="$137.94">58</FirstClass>
			<Coach Price="$42.76">28</Coach>
		</Seating>
	</Flight>
	<Flight Airplane="717" FlightTime="135" Number="8317">
		<Departure>
			<Code>IND</Code>
			<Time>2015 May 10 06:10 GMT</Time>
		</Departure>
		<Arrival>
			<Code>BOS</Code>
			<Time>2015 May 10 08:25 GMT</Time>
		</Arrival>
		<Seating>
			<FirstClass Price="$425.68">11</FirstClass>
			<Coach Price="$124.59">30</Coach>
		</Seating>
	</Flight>
	<Flight Airplane="757" FlightTime="148" Number="8323">
		<Departure>
			<Code>IND</Code>
			<Time>2015 May 10 09:47 GMT</Time>
		</Departure>
		<Arrival>
			<Code>BOS</Code>
			<Time>2015 May 10 12:15 GMT</Time>
		</Arrival>
		<Seating>
			<FirstClass Price="$351.19">2</FirstClass>
			<Coach Price="$66.11">4</Coach>
		</Seating>
	</Flight>
	<Flight Airplane="A320" FlightTime="181" Number="8723">
		<Departure>
			<Code>MCI</Code>
			<Time>2015 May 10 12:11 GMT</Time>
		</Departure>
		<Arrival>
			<Code>BOS</Code>
			<Time>2015 May 10 15:12 GMT</Time>
		</Arrival>
		<Seating>
			<FirstClass Price="$1,143.50">7</FirstClass>
			<Coach Price="$110.66">51</Coach>
		</Seating>
	</Flight>
	<Flight Airplane="717" FlightTime="917" Number="9085">
		<Departure>
			<Code>LAS</Code>
			<Time>2015 May 09 12:40 GMT</Time>
		</Departure>
		<Arrival>
			<Code>BOS</Code>
			<Time>2015 May 10 03:57 GMT</Time>
		</Arrival>
		<Seating>
			<FirstClass Price="$2,895.08">10</FirstClass>
			<Coach Price="$847.34">63</Coach>
		</Seating>
	</Flight>
	<Flight Airplane="717" FlightTime="159" Number="10319">
		<Departure>
			<Code>MIA</Code>
			<Time>2015 May 10 04:05 GMT</Time>
		</Departure>
		<Arrival>
			<Code>BOS</Code>
			<Time>2015 May 10 06:44 GMT</Time>
		</Arrival>
		<Seating>
			<FirstClass Price="$502.32">10</FirstClass>
			<Coach Price="$147.02">79</Coach>
		</Seating>
	</Flight>
	<Flight Airplane="757" FlightTime="133" Number="11140">
		<Departure>
			<Code>BNA</Code>
			<Time>2015 May 10 01:34 GMT</Time>
		</Departure>
		<Arrival>
			<Code>BOS</Code>
			<Time>2015 May 10 03:47 GMT</Time>
		</Arrival>
		<Seating>
			<FirstClass Price="$315.20">20</FirstClass>
			<Coach Price="$59.33">5</Coach>
		</Seating>
	</Flight>
	<Flight Airplane="A310" FlightTime="217" Number="11586">
		<Departure>
			<Code>MSY</Code>
			<Time>2015 May 10 18:33 GMT</Time>
		</Departure>
		<Arrival>
			<Code>BOS</Code>
			<Time>2015 May 10 22:10 GMT</Time>
		</Arrival>
		<Seating>
			<FirstClass Price="$684.83">16</FirstClass>
			<Coach Price="$82.18">51</Coach>
		</Seating>
	</Flight>
	<Flight Airplane="A340" FlightTime="31" Number="11990">
		<Departure>
			<Code>JFK</Code>
			<Time>2015 May 10 19:35 GMT</Time>
		</Departure>
		<Arrival>
			<Code>BOS</Code>
			<Time>2015 May 10 20:06 GMT</Time>
		</Arrival>
		<Seating>
			<FirstClass Price="$73.58">11</FirstClass>
			<Coach Price="$8.79">83</Coach>
		</Seating>
	</Flight>
	<Flight Airplane="A310" FlightTime="25" Number="12376">
		<Departure>
			<Code>LGA</Code>
			<Time>2015 May 10 03:56 GMT</Time>
		</Departure>
		<Arrival>
			<Code>BOS</Code>
			<Time>2015 May 10 04:21 GMT</Time>
		</Arrival>
		<Seating>
			<FirstClass Price="$78.12">6</FirstClass>
			<Coach Price="$9.37">33</Coach>
		</Seating>
	</Flight>
	<Flight Airplane="737" FlightTime="344" Number="13172">
		<Departure>
			<Code>OAK</Code>
			<Time>2015 May 10 01:32 GMT</Time>
		</Departure>
		<Arrival>
			<Code>BOS</Code>
			<Time>2015 May 10 07:16 GMT</Time>
		</Arrival>
		<Seating>
			<FirstClass Price="$929.93">20</FirstClass>
			<Coach Price="$260.38">59</Coach>
		</Seating>
	</Flight>
	<Flight Airplane="A310" FlightTime="344" Number="14811">
		<Departure>
			<Code>PHX</Code>
			<Time>2015 May 10 16:22 GMT</Time>
		</Departure>
		<Arrival>
			<Code>BOS</Code>
			<Time>2015 May 10 22:06 GMT</Time>
		</Arrival>
		<Seating>
			<FirstClass Price="$1,086.49">23</FirstClass>
			<Coach Price="$130.38">112</Coach>
		</Seating>
	</Flight>
	<Flight Airplane="A340" FlightTime="268" Number="17194">
		<Departure>
			<Code>SAT</Code>
			<Time>2015 May 09 21:47 GMT</Time>
		</Departure>
		<Arrival>
			<Code>BOS</Code>
			<Time>2015 May 10 02:15 GMT</Time>
		</Arrival>
		<Seating>
			<FirstClass Price="$635.15">17</FirstClass>
			<Coach Price="$75.84">164</Coach>
		</Seating>
	</Flight>
	<Flight Airplane="A310" FlightTime="240" Number="17233">
		<Departure>
			<Code>SAT</Code>
			<Time>2015 May 10 19:04 GMT</Time>
		</Departure>
		<Arrival>
			<Code>BOS</Code>
			<Time>2015 May 10 23:04 GMT</Time>
		</Arrival>
		<Seating>
			<FirstClass Price="$758.33">1</FirstClass>
			<Coach Price="$91.00">152</Coach>
		</Seating>
	</Flight>
	<Flight Airplane="777" FlightTime="318" Number="17605">
		<Departure>
			<Code>SAN</Code>
			<Time>2015 May 10 02:06 GMT</Time>
		</Departure>
		<Arrival>
			<Code>BOS</Code>
			<Time>2015 May 10 07:24 GMT</Time>
		</Arrival>
		<Seating>
			<FirstClass Price="$305.01">67</FirstClass>
			<Coach Price="$60.24">307</Coach>
		</Seating>
	</Flight>
	<Flight Airplane="A330" FlightTime="367" Number="18023">
		<Departure>
			<Code>SFO</Code>
			<Time>2015 May 10 16:29 GMT</Time>
		</Departure>
		<Arrival>
			<Code>BOS</Code>
			<Time>2015 May 10 22:36 GMT</Time>
		</Arrival>
		<Seating>
			<FirstClass Price="$661.77">10</FirstClass>
			<Coach Price="$74.12">50</Coach>
		</Seating>
	</Flight>
	<Flight Airplane="A380" FlightTime="438" Number="18801">
		<Departure>
			<Code>SNA</Code>
			<Time>2015 May 10 02:43 GMT</Time>
		</Departure>
		<Arrival>
			<Code>BOS</Code>
			<Time>2015 May 10 10:01 GMT</Time>
		</Arrival>
		<Seating>
			<FirstClass Price="$259.38">109</FirstClass>
			<Coach Price="$77.75">303</Coach>
		</Seating>
	</Flight>
	<Flight Airplane="747" FlightTime="354" Number="18827">
		<Departure>
			<Code>SNA</Code>
			<Time>2015 May 10 17:29 GMT</Time>
		</Departure>
		<Arrival>
			<Code>BOS</Code>
			<Time>2015 May 10 23:23 GMT</Time>
		</Arrival>
		<Seating>
			<FirstClass Price="$216.40">68</FirstClass>
			<Coach Price="$67.08">280</Coach>
		</Seating>
	</Flight>
	<Flight Airplane="747" FlightTime="360" Number="19213">
		<Departure>
			<Code>SEA</Code>
			<Time>2015 May 10 02:26 GMT</Time>
		</Departure>
		<Arrival>
			<Code>BOS</Code>
			<Time>2015 May 10 08:26 GMT</Time>
		</Arrival>
		<Seating>
			<FirstClass Price="$219.82">15</FirstClass>
			<Coach Price="$68.14">68</Coach>
		</Seating>
	</Flight>
	<Flight Airplane="767" FlightTime="145" Number="20033">
		<Departure>
			<Code>TPA</Code>
			<Time>2015 May 09 23:41 GMT</Time>
		</Departure>
		<Arrival>
			<Code>BOS</Code>
			<Time>2015 May 10 02:06 GMT</Time>
		</Arrival>
		<Seating>
			<FirstClass Price="$105.47">78</FirstClass>
			<Coach Price="$54.84">129</Coach>
		</Seating>
	</Flight>
	<Flight Airplane="A330" FlightTime="67" Number="20866">
		<Departure>
			<Code>DCA</Code>
			<Time>2015 May 10 07:50 GMT</Time>
		</Departure>
		<Arrival>
			<Code>BOS</Code>
			<Time>2015 May 10 08:57 GMT</Time>
		</Arrival>
		<Seating>
			<FirstClass Price="$119.93">14</FirstClass>
			<Coach Price="$13.43">267</Coach>
		</Seating>
	</Flight>
	<Flight Airplane="A330" FlightTime="59" Number="20870">
		<Departure>
			<Code>DCA</Code>
			<Time>2015 May 10 10:58 GMT</Time>
		</Departure>
		<Arrival>
			<Code>BOS</Code>
			<Time>2015 May 10 11:57 GMT</Time>
		</Arrival>
		<Seating>
			<FirstClass Price="$106.61">34</FirstClass>
			<Coach Price="$11.94">10</Coach>
		</Seating>
	</Flight>
</Flights>