<?xml version="1.0" encoding="UTF-8" standalone="no"?><Flights><Flight Airplane="767" FlightTime="326" Number="1690"><Departure><Code>BOS</Code><Time>2015 May 08 00:05 GMT</Time></Departure><Arrival><Code>SFO</Code><Time>2015 May 08 05:31 GMT</Time></Arrival><Seating><FirstClass Price="$237.62">53</FirstClass><Coach Price="$123.56">164</Coach></Seating></Flight><Flight Airplane="737" FlightTime="405" Number="1691"><Departure><Code>BOS</Code><Time>2015 May 08 00:36 GMT</Time></Departure><Arrival><Code>SNA</Code><Time>2015 May 08 07:21 GMT</Time></Arrival><Seating><FirstClass Price="$1,095.94">0</FirstClass><Coach Price="$306.86">51</Coach></Seating></Flight><Flight Airplane="A320" FlightTime="247" Number="1692"><Departure><Code>BOS</Code><Time>2015 May 08 01:18 GMT</Time></Departure><Arrival><Code>MCI</Code><Time>2015 May 08 05:25 GMT</Time></Arrival><Seating><FirstClass Price="$1,561.03">4</FirstClass><Coach Price="$151.07">56</Coach></Seating></Flight><Flight Airplane="737" FlightTime="395" Number="1693"><Departure><Code>BOS</Code><Time>2015 May 08 01:38 GMT</Time></Departure><Arrival><Code>SEA</Code><Time>2015 May 08 08:13 GMT</Time></Arrival><Seating><FirstClass Price="$1,068.78">9</FirstClass><Coach Price="$299.26">79</Coach></Seating></Flight><Flight Airplane="777" FlightTime="168" Number="1694"><Departure><Code>BOS</Code><Time>2015 May 08 02:38 GMT</Time></Departure><Arrival><Code>TPA</Code><Time>2015 May 08 05:26 GMT</Time></Arrival><Seating><FirstClass Price="$161.16">10</FirstClass><Coach Price="$31.83">55</Coach></Seating></Flight><Flight Airplane="757" FlightTime="492" Number="1695"><Departure><Code>BOS</Code><Time>2015 May 08 03:14 GMT</Time></Departure><Arrival><Code>ANC</Code><Time>2015 May 08 11:26 GMT</Time></Arrival><Seating><FirstClass Price="$1,165.57">23</FirstClass><Coach Price="$219.40">70</Coach></Seating></Flight><Flight Airplane="777" FlightTime="124" Number="1696"><Departure><Code>BOS</Code><Time>2015 May 08 03:47 GMT</Time></Departure><Arrival><Code>ATL</Code><Time>2015 May 08 05:51 GMT</Time></Arrival><Seating><FirstClass Price="$119.22">4</FirstClass><Coach Price="$23.55">22</Coach></Seating></Flight><Flight Airplane="747" FlightTime="96" Number="1697"><Departure><Code>BOS</Code><Time>2015 May 08 04:22 GMT</Time></Departure><Arrival><Code>DTW</Code><Time>2015 May 08 05:58 GMT</Time></Arrival><Seating><FirstClass Price="$58.85">43</FirstClass><Coach Price="$18.24">377</Coach></Seating></Flight><Flight Airplane="A320" FlightTime="502" Number="1698"><Departure><Code>BOS</Code><Time>2015 May 08 05:05 GMT</Time></Departure><Arrival><Code>OAK</Code><Time>2015 May 08 13:27 GMT</Time></Arrival><Seating><FirstClass Price="$3,170.27">4</FirstClass><Coach Price="$306.80">123</Coach></Seating></Flight><Flight Airplane="A310" FlightTime="226" Number="1699"><Departure><Code>BOS</Code><Time>2015 May 08 05:19 GMT</Time></Departure><Arrival><Code>DFW</Code><Time>2015 May 08 09:05 GMT</Time></Arrival><Seating><FirstClass Price="$714.82">23</FirstClass><Coach Price="$85.78">74</Coach></Seating></Flight><Flight Airplane="717" FlightTime="755" Number="1700"><Departure><Code>BOS</Code><Time>2015 May 08 05:32 GMT</Time></Departure><Arrival><Code>HNL</Code><Time>2015 May 08 18:07 GMT</Time></Arrival><Seating><FirstClass Price="$2,383.96">10</FirstClass><Coach Price="$697.74">52</Coach></Seating></Flight><Flight Airplane="777" FlightTime="285" Number="1701"><Departure><Code>BOS</Code><Time>2015 May 08 06:09 GMT</Time></Departure><Arrival><Code>DFW</Code><Time>2015 May 08 10:54 GMT</Time></Arrival><Seating><FirstClass Price="$273.44">50</FirstClass><Coach Price="$54.00">212</Coach></Seating></Flight><Flight Airplane="A330" FlightTime="61" Number="1702"><Departure><Code>BOS</Code><Time>2015 May 08 06:33 GMT</Time></Departure><Arrival><Code>PIT</Code><Time>2015 May 08 07:34 GMT</Time></Arrival><Seating><FirstClass Price="$109.31">39</FirstClass><Coach Price="$12.24">239</Coach></Seating></Flight><Flight Airplane="747" FlightTime="191" Number="1703"><Departure><Code>BOS</Code><Time>2015 May 08 07:17 GMT</Time></Departure><Arrival><Code>FLL</Code><Time>2015 May 08 10:28 GMT</Time></Arrival><Seating><FirstClass Price="$116.44">11</FirstClass><Coach Price="$36.10">32</Coach></Seating></Flight><Flight Airplane="A330" FlightTime="942" Number="1704"><Departure><Code>BOS</Code><Time>2015 May 08 07:46 GMT</Time></Departure><Arrival><Code>LAS</Code><Time>2015 May 08 23:28 GMT</Time></Arrival><Seating><FirstClass Price="$1,698.84">40</FirstClass><Coach Price="$190.27">125</Coach></Seating></Flight><Flight Airplane="747" FlightTime="130" Number="1705"><Departure><Code>BOS</Code><Time>2015 May 08 08:24 GMT</Time></Departure><Arrival><Code>IND</Code><Time>2015 May 08 10:34 GMT</Time></Arrival><Seating><FirstClass Price="$79.54">43</FirstClass><Coach Price="$24.66">161</Coach></Seating></Flight><Flight Airplane="A340" FlightTime="108" Number="1706"><Departure><Code>BOS</Code><Time>2015 May 08 08:49 GMT</Time></Departure><Arrival><Code>DTW</Code><Time>2015 May 08 10:37 GMT</Time></Arrival><Seating><FirstClass Price="$254.60">20</FirstClass><Coach Price="$30.40">107</Coach></Seating></Flight><Flight Airplane="777" FlightTime="87" Number="1707"><Departure><Code>BOS</Code><Time>2015 May 08 09:07 GMT</Time></Departure><Arrival><Code>DTW</Code><Time>2015 May 08 10:34 GMT</Time></Arrival><Seating><FirstClass Price="$83.26">36</FirstClass><Coach Price="$16.44">29</Coach></Seating></Flight><Flight Airplane="767" FlightTime="192" Number="1708"><Departure><Code>BOS</Code><Time>2015 May 08 09:38 GMT</Time></Departure><Arrival><Code>MEM</Code><Time>2015 May 08 12:50 GMT</Time></Arrival><Seating><FirstClass Price="$140.09">73</FirstClass><Coach Price="$72.84">62</Coach></Seating></Flight><Flight Airplane="747" FlightTime="28" Number="1709"><Departure><Code>BOS</Code><Time>2015 May 08 10:30 GMT</Time></Departure><Arrival><Code>JFK</Code><Time>2015 May 08 10:58 GMT</Time></Arrival><Seating><FirstClass Price="$16.87">32</FirstClass><Coach Price="$5.23">346</Coach></Seating></Flight><Flight Airplane="A380" FlightTime="479" Number="1710"><Departure><Code>BOS</Code><Time>2015 May 08 11:09 GMT</Time></Departure><Arrival><Code>SEA</Code><Time>2015 May 08 19:08 GMT</Time></Arrival><Seating><FirstClass Price="$283.25">13</FirstClass><Coach Price="$84.91">419</Coach></Seating></Flight><Flight Airplane="A340" FlightTime="150" Number="1711"><Departure><Code>BOS</Code><Time>2015 May 08 11:14 GMT</Time></Departure><Arrival><Code>MDW</Code><Time>2015 May 08 13:44 GMT</Time></Arrival><Seating><FirstClass Price="$355.27">1</FirstClass><Coach Price="$42.42">24</Coach></Seating></Flight><Flight Airplane="A330" FlightTime="185" Number="1712"><Departure><Code>BOS</Code><Time>2015 May 08 11:53 GMT</Time></Departure><Arrival><Code>MCO</Code><Time>2015 May 08 14:58 GMT</Time></Arrival><Seating><FirstClass Price="$333.55">8</FirstClass><Coach Price="$37.36">109</Coach></Seating></Flight><Flight Airplane="717" FlightTime="103" Number="1713"><Departure><Code>BOS</Code><Time>2015 May 08 11:58 GMT</Time></Departure><Arrival><Code>MDW</Code><Time>2015 May 08 13:41 GMT</Time></Arrival><Seating><FirstClass Price="$324.95">23</FirstClass><Coach Price="$95.11">60</Coach></Seating></Flight><Flight Airplane="777" FlightTime="296" Number="1714"><Departure><Code>BOS</Code><Time>2015 May 08 13:16 GMT</Time></Departure><Arrival><Code>HOU</Code><Time>2015 May 08 18:12 GMT</Time></Arrival><Seating><FirstClass Price="$283.59">58</FirstClass><Coach Price="$56.01">286</Coach></Seating></Flight><Flight Airplane="737" FlightTime="210" Number="1715"><Departure><Code>BOS</Code><Time>2015 May 08 14:01 GMT</Time></Departure><Arrival><Code>DEN</Code><Time>2015 May 08 17:31 GMT</Time></Arrival><Seating><FirstClass Price="$568.91">12</FirstClass><Coach Price="$159.30">45</Coach></Seating></Flight><Flight Airplane="A320" FlightTime="84" Number="1716"><Departure><Code>BOS</Code><Time>2015 May 08 14:25 GMT</Time></Departure><Arrival><Code>DTW</Code><Time>2015 May 08 15:49 GMT</Time></Arrival><Seating><FirstClass Price="$532.25">10</FirstClass><Coach Price="$51.51">106</Coach></Seating></Flight><Flight Airplane="747" FlightTime="54" Number="1717"><Departure><Code>BOS</Code><Time>2015 May 08 15:05 GMT</Time></Departure><Arrival><Code>DCA</Code><Time>2015 May 08 15:59 GMT</Time></Arrival><Seating><FirstClass Price="$32.86">46</FirstClass><Coach Price="$10.19">286</Coach></Seating></Flight><Flight Airplane="A330" FlightTime="142" Number="1718"><Departure><Code>BOS</Code><Time>2015 May 08 15:31 GMT</Time></Departure><Arrival><Code>ATL</Code><Time>2015 May 08 17:53 GMT</Time></Arrival><Seating><FirstClass Price="$256.93">13</FirstClass><Coach Price="$28.78">328</Coach></Seating></Flight><Flight Airplane="A310" FlightTime="24" Number="1719"><Departure><Code>BOS</Code><Time>2015 May 08 16:15 GMT</Time></Departure><Arrival><Code>EWR</Code><Time>2015 May 08 16:39 GMT</Time></Arrival><Seating><FirstClass Price="$75.90">4</FirstClass><Coach Price="$9.11">66</Coach></Seating></Flight><Flight Airplane="737" FlightTime="111" Number="1720"><Departure><Code>BOS</Code><Time>2015 May 08 16:59 GMT</Time></Departure><Arrival><Code>ORD</Code><Time>2015 May 08 18:50 GMT</Time></Arrival><Seating><FirstClass Price="$301.59">10</FirstClass><Coach Price="$84.45">88</Coach></Seating></Flight><Flight Airplane="717" FlightTime="193" Number="1721"><Departure><Code>BOS</Code><Time>2015 May 08 17:54 GMT</Time></Departure><Arrival><Code>IAH</Code><Time>2015 May 08 21:07 GMT</Time></Arrival><Seating><FirstClass Price="$610.18">2</FirstClass><Coach Price="$178.59">71</Coach></Seating></Flight><Flight Airplane="A330" FlightTime="142" Number="1722"><Departure><Code>BOS</Code><Time>2015 May 08 18:37 GMT</Time></Departure><Arrival><Code>ORD</Code><Time>2015 May 08 20:59 GMT</Time></Arrival><Seating><FirstClass Price="$255.45">29</FirstClass><Coach Price="$28.61">68</Coach></Seating></Flight><Flight Airplane="767" FlightTime="190" Number="1723"><Departure><Code>BOS</Code><Time>2015 May 08 19:23 GMT</Time></Departure><Arrival><Code>STL</Code><Time>2015 May 08 22:33 GMT</Time></Arrival><Seating><FirstClass Price="$138.25">69</FirstClass><Coach Price="$71.89">90</Coach></Seating></Flight><Flight Airplane="757" FlightTime="69" Number="1724"><Departure><Code>BOS</Code><Time>2015 May 08 20:11 GMT</Time></Departure><Arrival><Code>PIT</Code><Time>2015 May 08 21:20 GMT</Time></Arrival><Seating><FirstClass Price="$164.26">19</FirstClass><Coach Price="$30.92">146</Coach></Seating></Flight><Flight Airplane="A380" FlightTime="169" Number="1725"><Departure><Code>BOS</Code><Time>2015 May 08 20:34 GMT</Time></Departure><Arrival><Code>MEM</Code><Time>2015 May 08 23:23 GMT</Time></Arrival><Seating><FirstClass Price="$99.77">20</FirstClass><Coach Price="$29.91">336</Coach></Seating></Flight><Flight Airplane="A320" FlightTime="85" Number="1726"><Departure><Code>BOS</Code><Time>2015 May 08 20:46 GMT</Time></Departure><Arrival><Code>CLE</Code><Time>2015 May 08 22:11 GMT</Time></Arrival><Seating><FirstClass Price="$533.84">9</FirstClass><Coach Price="$51.66">121</Coach></Seating></Flight><Flight Airplane="757" FlightTime="44" Number="1727"><Departure><Code>BOS</Code><Time>2015 May 08 22:00 GMT</Time></Departure><Arrival><Code>PHL</Code><Time>2015 May 08 22:44 GMT</Time></Arrival><Seating><FirstClass Price="$103.02">4</FirstClass><Coach Price="$19.39">168</Coach></Seating></Flight><Flight Airplane="747" FlightTime="179" Number="1728"><Departure><Code>BOS</Code><Time>2015 May 08 22:18 GMT</Time></Departure><Arrival><Code>RSW</Code><Time>2015 May 09 01:17 GMT</Time></Arrival><Seating><FirstClass Price="$109.17">102</FirstClass><Coach Price="$33.84">356</Coach></Seating></Flight><Flight Airplane="A340" FlightTime="315" Number="1729"><Departure><Code>BOS</Code><Time>2015 May 08 22:51 GMT</Time></Departure><Arrival><Code>SAN</Code><Time>2015 May 09 04:06 GMT</Time></Arrival><Seating><FirstClass Price="$745.34">28</FirstClass><Coach Price="$89.00">72</Coach></Seating></Flight><Flight Airplane="767" FlightTime="74" Number="1730"><Departure><Code>BOS</Code><Time>2015 May 08 23:34 GMT</Time></Departure><Arrival><Code>CLE</Code><Time>2015 May 09 00:48 GMT</Time></Arrival><Seating><FirstClass Price="$54.24">9</FirstClass><Coach Price="$28.20">21</Coach></Seating></Flight><Flight Airplane="A320" FlightTime="90" Number="1731"><Departure><Code>BOS</Code><Time>2015 May 08 23:59 GMT</Time></Departure><Arrival><Code>CLT</Code><Time>2015 May 09 01:29 GMT</Time></Arrival><Seating><FirstClass Price="$568.88">6</FirstClass><Coach Price="$55.05">105</Coach></Seating></Flight></Flights>